<?xml version="1.0" encoding="UTF-8"?>
<testng-results skipped="0" failed="0" ignored="0" total="1" passed="1">
  <reporter-output>
  </reporter-output>
  <suite name="Default suite" duration-ms="670" started-at="2020-07-31T06:31:10Z" finished-at="2020-07-31T06:31:11Z">
    <groups>
    </groups>
    <test name="Default test" duration-ms="670" started-at="2020-07-31T06:31:10Z" finished-at="2020-07-31T06:31:11Z">
      <class name="example.ExecuteSelectQuery">
        <test-method status="PASS" signature="createConatct()[pri:0, instance:example.ExecuteSelectQuery@3532ec19]" name="createConatct" duration-ms="612" started-at="2020-07-31T06:31:10Z" finished-at="2020-07-31T06:31:11Z">
          <reporter-output>
          </reporter-output>
        </test-method> <!-- createConatct -->
      </class> <!-- example.ExecuteSelectQuery -->
    </test> <!-- Default test -->
  </suite> <!-- Default suite -->
</testng-results>
